<?xml version="1.0" encoding="UTF-8"?>
<!-- Generated by org.testng.reporters.JUnitXMLReporter -->
<testsuite hostname="Tanus-MacBook-Pro.local" ignored="0" name="Search  Tests" tests="4" failures="0" timestamp="11 Apr 2019 06:07:46 GMT" time="0.199" errors="0">
  <testcase name="@BeforeTest init" time="0.163" classname="testCases.VerifyCalculator">
    <failure type="java.lang.IllegalArgumentException" message="Can not set io.appium.java_client.android.AndroidElement field pageObjects.HomePage.logo to org.openqa.selenium.remote.RemoteWebElement$$EnhancerByCGLIB$$d27c0df4">
      <![CDATA[java.lang.IllegalArgumentException: Can not set io.appium.java_client.android.AndroidElement field pageObjects.HomePage.logo to org.openqa.selenium.remote.RemoteWebElement$$EnhancerByCGLIB$$d27c0df4
at org.openqa.selenium.support.PageFactory.proxyFields(PageFactory.java:117)
at org.openqa.selenium.support.PageFactory.initElements(PageFactory.java:105)
at pageObjects.HomePage.<init>(HomePage.java:36)
at testCases.VerifyCalculator.init(VerifyCalculator.java:27)
... Removed 32 stack frames]]>
    </failure>
  </testcase> <!-- @BeforeTest init -->
  <testcase name="testCalculation" time="0.0" classname="testCases.VerifyCalculator">
    <skipped/>
  </testcase> <!-- testCalculation -->
  <testcase name="testLengthyBillAmount" time="0.0" classname="testCases.VerifyCalculator">
    <skipped/>
  </testcase> <!-- testLengthyBillAmount -->
  <testcase name="testNegativeBillAmount" time="0.0" classname="testCases.VerifyCalculator">
    <skipped/>
  </testcase> <!-- testNegativeBillAmount -->
  <testcase name="testSpecialCharsBillAmount" time="0.0" classname="testCases.VerifyCalculator">
    <skipped/>
  </testcase> <!-- testSpecialCharsBillAmount -->
</testsuite> <!-- Search  Tests -->
